<?xml version="1.0" encoding="UTF-8"?>
<!-- Generated by org.testng.reporters.JUnitXMLReporter -->
<testsuite ignored="1" hostname="LT0178649" failures="0" tests="2" name="Home Loan" time="0.003" errors="0" timestamp="2024-09-21T12:51:18 IST">
  <testcase classname="test.day3" name="WebloginHomeLoan" time="0.0"/>
  <testcase classname="test.day3" name="loginAPIHomeLoan" time="0.001"/>
  <testcase classname="test.day3" name="MobileloginHomeLoan" time="0.0">
    <ignored/>
  </testcase> <!-- MobileloginHomeLoan -->
</testsuite> <!-- Home Loan -->
