<?xml version="1.0" encoding="UTF-8"?>
<!-- Generated by org.testng.reporters.JUnitXMLReporter -->
<testsuite ignored="1" hostname="LT0178649" failures="0" tests="2" name="Personal Loan" time="0.033" errors="0" timestamp="2024-09-21T12:51:18 IST">
  <testcase classname="test.day1" name="demo1" time="0.004"/>
  <testcase classname="test.day2" name="demo2" time="0.001"/>
  <testcase classname="test.day1" name="demo" time="0.0">
    <ignored/>
  </testcase> <!-- demo -->
</testsuite> <!-- Personal Loan -->
