<?xml version="1.0" encoding="UTF-8"?>
<!-- Generated by org.testng.reporters.JUnitXMLReporter -->
<testsuite ignored="3" hostname="LT0178649" failures="0" tests="3" name="Regression" time="0.068" errors="0" timestamp="2024-09-21T17:15:40 IST">
  <testcase classname="test.day3" name="MobileloginHomeLoan" time="0.011"/>
  <testcase classname="test.day3" name="WebloginHomeLoan" time="0.002"/>
  <testcase classname="test.day2" name="demo2" time="0.001"/>
  <testcase classname="test.day1" name="demo1" time="0.0">
    <ignored/>
  </testcase> <!-- demo1 -->
  <testcase classname="test.day1" name="demo" time="0.0">
    <ignored/>
  </testcase> <!-- demo -->
  <testcase classname="test.day3" name="loginAPIHomeLoan" time="0.0">
    <ignored/>
  </testcase> <!-- loginAPIHomeLoan -->
</testsuite> <!-- Regression -->
